Using pre-set license
Built from '2020.2/release' branch; Version is '2020.2.2f1 (068178b99f32) revision 426360'; Using compiler version '192528614'; Build Type 'Release'
OS: 'Windows 10 Home; OS build 19041.746; Version 2004; 64bit' Language: 'ko' Physical Memory: 16118 MB
BatchMode: 1, IsHumanControllingUs: 0, StartBugReporterOnCrash: 0, Is64bit: 1, IsPro: 0

 COMMAND LINE ARGUMENTS:
C:\Program Files\Unity\Hub\Editor\2020.2.2f1\Editor\Unity.exe
-adb2
-batchMode
-noUpm
-name
AssetImportWorker1
-projectPath
C:/Users/she79/Desktop/TheSubset/GAMEPIC/21-01-25
-logFile
Logs/AssetImportWorker1.log
-srvPort
58304
Successfully changed project path to: C:/Users/she79/Desktop/TheSubset/GAMEPIC/21-01-25
C:/Users/she79/Desktop/TheSubset/GAMEPIC/21-01-25
Using Asset Import Pipeline V2.
Refreshing native plugins compatible for Editor in 53.10 ms, found 1 plugins.
Preloading 0 native plugins for Editor in 0.00 ms.
Initialize engine version: 2020.2.2f1 (068178b99f32)
[Subsystems] Discovering subsystems at path C:/Program Files/Unity/Hub/Editor/2020.2.2f1/Editor/Data/Resources/UnitySubsystems
[Subsystems] Discovering subsystems at path C:/Users/she79/Desktop/TheSubset/GAMEPIC/21-01-25/Assets
GfxDevice: creating device client; threaded=0
Direct3D:
    Version:  Direct3D 11.0 [level 11.1]
    Renderer: Intel(R) Iris(R) Plus Graphics (ID=0x8a52)
    Vendor:   
    VRAM:     8059 MB
    Driver:   27.20.100.8935
Initialize mono
Mono path[0] = 'C:/Program Files/Unity/Hub/Editor/2020.2.2f1/Editor/Data/Managed'
Mono path[1] = 'C:/Program Files/Unity/Hub/Editor/2020.2.2f1/Editor/Data/MonoBleedingEdge/lib/mono/unityjit'
Mono config path = 'C:/Program Files/Unity/Hub/Editor/2020.2.2f1/Editor/Data/MonoBleedingEdge/etc'
Using monoOptions --debugger-agent=transport=dt_socket,embedding=1,server=y,suspend=n,address=127.0.0.1:56092
Begin MonoManager ReloadAssembly
Registering precompiled unity dll's ...
Register platform support module: C:/Program Files/Unity/Hub/Editor/2020.2.2f1/Editor/Data/PlaybackEngines/WindowsStandaloneSupport/UnityEditor.WindowsStandalone.Extensions.dll
Registered in 0.001581 seconds.
Native extension for WindowsStandalone target not found
Refreshing native plugins compatible for Editor in 68.08 ms, found 1 plugins.
Preloading 0 native plugins for Editor in 0.00 ms.
Invoked RoslynAnalysisRunner static constructor.
RoslynAnalysisRunner will not be running.
RoslynAnalysisRunner has terminated.
Mono: successfully reloaded assembly
- Completed reload, in  2.092 seconds
Platform modules already initialized, skipping
Registering precompiled user dll's ...
Registered in 0.000900 seconds.
Begin MonoManager ReloadAssembly
Native extension for WindowsStandalone target not found
Refreshing native plugins compatible for Editor in 45.66 ms, found 1 plugins.
Preloading 0 native plugins for Editor in 0.00 ms.
Invoked RoslynAnalysisRunner static constructor.
RoslynAnalysisRunner will not be running.
RoslynAnalysisRunner has terminated.
Mono: successfully reloaded assembly
- Completed reload, in  2.966 seconds
Platform modules already initialized, skipping
========================================================================
Worker process is ready to serve import requests
Launched and connected shader compiler UnityShaderCompiler.exe after 0.11 seconds
Refreshing native plugins compatible for Editor in 0.59 ms, found 1 plugins.
Preloading 0 native plugins for Editor in 0.00 ms.
Unloading 2564 Unused Serialized files (Serialized files now loaded: 0)
System memory in use before: 107.1 MB.
System memory in use after: 107.3 MB.

Unloading 19 unused Assets to reduce memory usage. Loaded Objects now: 3011.
Total: 3.691800 ms (FindLiveObjects: 0.536300 ms CreateObjectMapping: 0.202700 ms MarkObjects: 2.830600 ms  DeleteObjects: 0.116500 ms)

========================================================================
Received Import Request.
  path: Assets/Sprites/NewUI
  artifactKey: Guid(1afaa353ad10ac04797de470f59881c4) Importer(815301076,1909f56bfc062723c751e8b465ee728b)
Start importing Assets/Sprites/NewUI using Guid(1afaa353ad10ac04797de470f59881c4) Importer(815301076,1909f56bfc062723c751e8b465ee728b)  -> (artifact id: '0565648e928157d3f669dcbe6e90cd79') in 0.012887 seconds
  Import took 0.019811 seconds .

========================================================================
Received Import Request.
  Time since last request: 0.000512 seconds.
  path: Assets/Sprites/NewUI/NewUI/LogWindow.PNG
  artifactKey: Guid(fd250ea2b0b250147847a150fea86176) Importer(815301076,1909f56bfc062723c751e8b465ee728b)
Start importing Assets/Sprites/NewUI/NewUI/LogWindow.PNG using Guid(fd250ea2b0b250147847a150fea86176) Importer(815301076,1909f56bfc062723c751e8b465ee728b)  -> (artifact id: '40088d6ec432acd2c3ba0d981f0d89e6') in 0.227305 seconds
  Import took 0.233363 seconds .

========================================================================
Received Import Request.
  Time since last request: 0.000582 seconds.
  path: Assets/Sprites/NewUI/NewUI/Book.PNG
  artifactKey: Guid(c38bf3114c7d602458380b3211c07b8c) Importer(815301076,1909f56bfc062723c751e8b465ee728b)
Start importing Assets/Sprites/NewUI/NewUI/Book.PNG using Guid(c38bf3114c7d602458380b3211c07b8c) Importer(815301076,1909f56bfc062723c751e8b465ee728b)  -> (artifact id: '0e5eb295927224cfac4ec2069b661be2') in 0.036309 seconds
  Import took 0.041294 seconds .

========================================================================
Received Import Request.
  Time since last request: 0.000268 seconds.
  path: Assets/Sprites/NewUI/NewUI/Today.PNG
  artifactKey: Guid(5e85a34f89149f94d88f9ad0ff5cad31) Importer(815301076,1909f56bfc062723c751e8b465ee728b)
Start importing Assets/Sprites/NewUI/NewUI/Today.PNG using Guid(5e85a34f89149f94d88f9ad0ff5cad31) Importer(815301076,1909f56bfc062723c751e8b465ee728b)  -> (artifact id: '7a483a8696934c2d4ef64808e71b9338') in 0.032917 seconds
  Import took 0.041173 seconds .

========================================================================
Received Import Request.
  Time since last request: 0.000783 seconds.
  path: Assets/Sprites/NewUI/NewUI/Book.PNG
  artifactKey: Guid(c38bf3114c7d602458380b3211c07b8c) Importer(815301076,1909f56bfc062723c751e8b465ee728b)
Start importing Assets/Sprites/NewUI/NewUI/Book.PNG using Guid(c38bf3114c7d602458380b3211c07b8c) Importer(815301076,1909f56bfc062723c751e8b465ee728b)  -> (artifact id: '0e5eb295927224cfac4ec2069b661be2') in 0.020657 seconds
  Import took 0.025604 seconds .

========================================================================
Received Import Request.
  Time since last request: 0.000516 seconds.
  path: Assets/Sprites/NewUI/NewUI/OrderBallon.PNG
  artifactKey: Guid(90964b3735b7c754cb24ea98b6933a2b) Importer(815301076,1909f56bfc062723c751e8b465ee728b)
Start importing Assets/Sprites/NewUI/NewUI/OrderBallon.PNG using Guid(90964b3735b7c754cb24ea98b6933a2b) Importer(815301076,1909f56bfc062723c751e8b465ee728b)  -> (artifact id: 'c47fd4ced797de1dc146e3e75af8a120') in 0.034248 seconds
  Import took 0.040780 seconds .

========================================================================
Received Import Request.
  Time since last request: 0.000358 seconds.
  path: Assets/Sprites
  artifactKey: Guid(13821a200774eaf4c9cdb53dc794f664) Importer(815301076,1909f56bfc062723c751e8b465ee728b)
Start importing Assets/Sprites using Guid(13821a200774eaf4c9cdb53dc794f664) Importer(815301076,1909f56bfc062723c751e8b465ee728b)  -> (artifact id: '9c86c06d565bc5e3be973d17591b214b') in 0.010572 seconds
  Import took 0.016865 seconds .

========================================================================
Received Import Request.
  Time since last request: 0.000472 seconds.
  path: Assets/Sprites/NewUI/NewUI/Dialog.PNG
  artifactKey: Guid(60f0551b728ef234f9315939604c501c) Importer(815301076,1909f56bfc062723c751e8b465ee728b)
Start importing Assets/Sprites/NewUI/NewUI/Dialog.PNG using Guid(60f0551b728ef234f9315939604c501c) Importer(815301076,1909f56bfc062723c751e8b465ee728b)  -> (artifact id: 'a02a0b31c23d13c37ce2a1a8f8b5e8e8') in 0.029518 seconds
  Import took 0.039466 seconds .

========================================================================
Received Import Request.
  Time since last request: 0.000434 seconds.
  path: Assets/Sprites/NewUI/NewUI/RecipePage.PNG
  artifactKey: Guid(6de553773ee9a9942a5dde41d2d41882) Importer(815301076,1909f56bfc062723c751e8b465ee728b)
Start importing Assets/Sprites/NewUI/NewUI/RecipePage.PNG using Guid(6de553773ee9a9942a5dde41d2d41882) Importer(815301076,1909f56bfc062723c751e8b465ee728b)  -> (artifact id: '6a46b5a11d8d2d1a8bde464d1af77c37') in 0.035854 seconds
  Import took 0.048068 seconds .

========================================================================
Received Import Request.
  Time since last request: 0.000592 seconds.
  path: Assets/Sprites/NewUI/NewUI/bartender.PNG
  artifactKey: Guid(76b9b1c971de1664fa194a197335aa52) Importer(815301076,1909f56bfc062723c751e8b465ee728b)
Start importing Assets/Sprites/NewUI/NewUI/bartender.PNG using Guid(76b9b1c971de1664fa194a197335aa52) Importer(815301076,1909f56bfc062723c751e8b465ee728b)  -> (artifact id: 'db4c97dc5c166479b595ed5881f4a11c') in 0.036571 seconds
  Import took 0.046116 seconds .

========================================================================
Received Import Request.
  Time since last request: 0.000670 seconds.
  path: Assets/Sprites/NewUI/NewUI
  artifactKey: Guid(052701e275ca7a44087aa9c354189f10) Importer(815301076,1909f56bfc062723c751e8b465ee728b)
Start importing Assets/Sprites/NewUI/NewUI using Guid(052701e275ca7a44087aa9c354189f10) Importer(815301076,1909f56bfc062723c751e8b465ee728b)  -> (artifact id: '7d5444f12ef4bf69d99b80cd744d9a3c') in 0.006177 seconds
  Import took 0.015888 seconds .

========================================================================
Received Import Request.
  Time since last request: 0.000420 seconds.
  path: Assets/Sprites/NewUI/NewUI/CluePage.PNG
  artifactKey: Guid(7378036ea4abf2741aec7da8426566b3) Importer(815301076,1909f56bfc062723c751e8b465ee728b)
Start importing Assets/Sprites/NewUI/NewUI/CluePage.PNG using Guid(7378036ea4abf2741aec7da8426566b3) Importer(815301076,1909f56bfc062723c751e8b465ee728b)  -> (artifact id: '09e41bb186263acf1b33e492d4414c91') in 0.037321 seconds
  Import took 0.044547 seconds .

========================================================================
Received Import Request.
  Time since last request: 19.710423 seconds.
  path: Assets/Sprites/NewUI/NewUI/네온-6.png
  artifactKey: Guid(d75d5ed1ecadd4947a70284530da0835) Importer(815301076,1909f56bfc062723c751e8b465ee728b)
Start importing Assets/Sprites/NewUI/NewUI/네온-6.png using Guid(d75d5ed1ecadd4947a70284530da0835) Importer(815301076,1909f56bfc062723c751e8b465ee728b)  -> (artifact id: '94abc8e513b19d823163a69024776a1b') in 0.042211 seconds
  Import took 0.050546 seconds .

========================================================================
Received Import Request.
  Time since last request: 186.856710 seconds.
  path: Assets/Sprites/NewUI/NewUI/네온-6.png
  artifactKey: Guid(d75d5ed1ecadd4947a70284530da0835) Importer(815301076,1909f56bfc062723c751e8b465ee728b)
Start importing Assets/Sprites/NewUI/NewUI/네온-6.png using Guid(d75d5ed1ecadd4947a70284530da0835) Importer(815301076,1909f56bfc062723c751e8b465ee728b)  -> (artifact id: '431bb69d1fb1eb0de81e14bb61f4a3cd') in 0.034559 seconds
  Import took 0.043656 seconds .

========================================================================
Received Import Request.
  Time since last request: 12.003115 seconds.
  path: Assets/Sprites/NewUI/NewUI/네온-6.png
  artifactKey: Guid(d75d5ed1ecadd4947a70284530da0835) Importer(815301076,1909f56bfc062723c751e8b465ee728b)
Start importing Assets/Sprites/NewUI/NewUI/네온-6.png using Guid(d75d5ed1ecadd4947a70284530da0835) Importer(815301076,1909f56bfc062723c751e8b465ee728b)  -> (artifact id: '2bbb54a0d54bf96057e2f16b3e64e80f') in 0.033045 seconds
  Import took 0.040228 seconds .

========================================================================
Received Import Request.
  Time since last request: 313.439790 seconds.
  path: Assets/Scenes/dav.png
  artifactKey: Guid(176e1ff8e2914cb4f8bda69f62265ace) Importer(815301076,1909f56bfc062723c751e8b465ee728b)
Start importing Assets/Scenes/dav.png using Guid(176e1ff8e2914cb4f8bda69f62265ace) Importer(815301076,1909f56bfc062723c751e8b465ee728b)  -> (artifact id: '7751d569e21bbabf026f5bef42a598ff') in 0.030597 seconds
  Import took 0.037240 seconds .

========================================================================
Received Import Request.
  Time since last request: 1.107339 seconds.
  path: Assets/FungusExamples/FungusExamples.asmdef
  artifactKey: Guid(d749be870df4c4048a9636146e66f475) Importer(815301076,1909f56bfc062723c751e8b465ee728b)
Start importing Assets/FungusExamples/FungusExamples.asmdef using Guid(d749be870df4c4048a9636146e66f475) Importer(815301076,1909f56bfc062723c751e8b465ee728b)  -> (artifact id: 'c1987d2da033ea2371c13bb8f1e2576a') in 0.012887 seconds
  Import took 0.019245 seconds .

========================================================================
Received Import Request.
  Time since last request: 29.415473 seconds.
  path: Assets/Sprites/BAR.jpg
  artifactKey: Guid(048078e9c7903464e8781d3d635ec3f3) Importer(815301076,1909f56bfc062723c751e8b465ee728b)
Start importing Assets/Sprites/BAR.jpg using Guid(048078e9c7903464e8781d3d635ec3f3) Importer(815301076,1909f56bfc062723c751e8b465ee728b)  -> (artifact id: '382ea7e33c6cc5162979cbdbfc217f2e') in 0.037752 seconds
  Import took 0.044538 seconds .

========================================================================
Received Import Request.
  Time since last request: 61.286120 seconds.
  path: ProjectSettings/TagManager.asset
  artifactKey: Guid(00000000000000003000000000000000) Importer(815301076,1909f56bfc062723c751e8b465ee728b)
Start importing ProjectSettings/TagManager.asset using Guid(00000000000000003000000000000000) Importer(815301076,1909f56bfc062723c751e8b465ee728b)  -> (artifact id: 'e8c3ab6b558fa7fe7c42e9a55a892947') in 0.011412 seconds
  Import took 0.018044 seconds .

========================================================================
Received Prepare
Registering precompiled user dll's ...
Registered in 0.001386 seconds.
Begin MonoManager ReloadAssembly
Native extension for WindowsStandalone target not found
Refreshing native plugins compatible for Editor in 0.38 ms, found 1 plugins.
Preloading 0 native plugins for Editor in 0.00 ms.
Invoked RoslynAnalysisRunner static constructor.
RoslynAnalysisRunner will not be running.
RoslynAnalysisRunner has terminated.
Mono: successfully reloaded assembly
- Completed reload, in  0.993 seconds
Platform modules already initialized, skipping
Refreshing native plugins compatible for Editor in 0.49 ms, found 1 plugins.
Preloading 0 native plugins for Editor in 0.00 ms.
Unloading 2544 Unused Serialized files (Serialized files now loaded: 0)
System memory in use before: 109.0 MB.
System memory in use after: 109.3 MB.

Unloading 9 unused Assets to reduce memory usage. Loaded Objects now: 3025.
Total: 1.972200 ms (FindLiveObjects: 0.390200 ms CreateObjectMapping: 0.069800 ms MarkObjects: 1.492900 ms  DeleteObjects: 0.017800 ms)

AssetImportWorkerClient::OnTransportError - code=2 error=End of file
